mode: set
github.com/improwised/datautil/pkg/auth/jwt.go:38.20,40.18 2 1
github.com/improwised/datautil/pkg/auth/jwt.go:40.18,42.3 1 0
github.com/improwised/datautil/pkg/auth/jwt.go:43.2,47.3 1 1
github.com/improwised/datautil/pkg/auth/jwt.go:50.64,65.2 3 1
github.com/improwised/datautil/pkg/auth/jwt.go:67.63,68.101 1 1
github.com/improwised/datautil/pkg/auth/jwt.go:68.101,69.58 1 1
github.com/improwised/datautil/pkg/auth/jwt.go:69.58,71.4 1 0
github.com/improwised/datautil/pkg/auth/jwt.go:72.3,72.34 1 1
github.com/improwised/datautil/pkg/auth/jwt.go:75.2,75.16 1 1
github.com/improwised/datautil/pkg/auth/jwt.go:75.16,77.3 1 1
github.com/improwised/datautil/pkg/auth/jwt.go:79.2,79.61 1 1
github.com/improwised/datautil/pkg/auth/jwt.go:79.61,81.3 1 1
github.com/improwised/datautil/pkg/auth/jwt.go:83.2,83.29 1 0
github.com/improwised/datautil/pkg/auth/jwt.go:86.52,89.2 2 1
github.com/improwised/datautil/pkg/auth/jwt.go:91.48,94.2 2 1
github.com/improwised/datautil/pkg/auth/jwt.go:96.71,99.16 3 0
github.com/improwised/datautil/pkg/auth/jwt.go:99.16,101.3 1 0
github.com/improwised/datautil/pkg/auth/jwt.go:102.2,102.15 1 0
github.com/improwised/datautil/pkg/auth/jwt.go:102.15,104.3 1 0
github.com/improwised/datautil/pkg/auth/jwt.go:106.2,107.16 2 0
github.com/improwised/datautil/pkg/auth/jwt.go:107.16,109.3 1 0
github.com/improwised/datautil/pkg/auth/jwt.go:111.2,115.16 2 0
github.com/improwised/datautil/pkg/auth/jwt.go:115.16,117.3 1 0
github.com/improwised/datautil/pkg/auth/jwt.go:119.2,129.8 2 0
github.com/improwised/datautil/pkg/auth/jwt.go:132.66,139.16 3 0
github.com/improwised/datautil/pkg/auth/jwt.go:139.16,140.47 1 0
github.com/improwised/datautil/pkg/auth/jwt.go:140.47,142.4 1 0
github.com/improwised/datautil/pkg/auth/jwt.go:143.3,143.22 1 0
github.com/improwised/datautil/pkg/auth/jwt.go:146.2,146.18 1 0
github.com/improwised/datautil/pkg/auth/jwt.go:146.18,148.3 1 0
github.com/improwised/datautil/pkg/auth/jwt.go:150.2,150.45 1 0
github.com/improwised/datautil/pkg/auth/jwt.go:150.45,152.3 1 0
github.com/improwised/datautil/pkg/auth/jwt.go:154.2,156.16 3 0
github.com/improwised/datautil/pkg/auth/jwt.go:156.16,158.3 1 0
github.com/improwised/datautil/pkg/auth/jwt.go:160.2,160.26 1 0
github.com/improwised/datautil/pkg/auth/jwt.go:163.49,170.16 3 0
github.com/improwised/datautil/pkg/auth/jwt.go:170.16,171.47 1 0
github.com/improwised/datautil/pkg/auth/jwt.go:171.47,173.4 1 0
github.com/improwised/datautil/pkg/auth/jwt.go:174.3,174.18 1 0
github.com/improwised/datautil/pkg/auth/jwt.go:176.2,176.19 1 0
github.com/improwised/datautil/pkg/auth/jwt.go:179.62,180.22 1 1
github.com/improwised/datautil/pkg/auth/jwt.go:180.22,182.3 1 1
github.com/improwised/datautil/pkg/auth/jwt.go:184.2,185.45 2 1
github.com/improwised/datautil/pkg/auth/jwt.go:185.45,187.3 1 1
github.com/improwised/datautil/pkg/auth/jwt.go:189.2,189.22 1 1
github.com/improwised/datautil/pkg/auth/jwt.go:192.82,197.2 1 0
